=>[{registered_name,init},
   {current_function,{init,loop,1}},
   {initial_call,{otp_ring0,start,2}},
   {status,waiting},
   {message_queue_len,0},
   {messages,[]},
   {links,[<0.6.0>,<0.7.0>,<0.3.0>]},
   {dictionary,[]},
   {trap_exit,true},
   {error_handler,error_handler},
   {priority,normal},
   {group_leader,<0.0.0>},
   {total_heap_size,2962},
   {heap_size,2586},
   {stack_size,2},
   {reductions,4540},
   {garbage_collection,[{min_bin_vheap_size,46422},
                        {min_heap_size,233},
                        {fullsweep_after,65535},
                        {minor_gcs,5}]},
   {suspending,[]}] 

=>[{registered_name,erl_prim_loader},
   {current_function,{erl_prim_loader,loop,3}},
   {initial_call,{erlang,apply,2}},
   {status,waiting},
   {message_queue_len,0},
   {messages,[]},
   {links,[#Port<0.0>,<0.0.0>]},
   {dictionary,[]},
   {trap_exit,true},
   {error_handler,error_handler},
   {priority,normal},
   {group_leader,<0.0.0>},
   {total_heap_size,13544},
   {heap_size,6772},
   {stack_size,6},
   {reductions,771675},
   {garbage_collection,[{min_bin_vheap_size,46422},
                        {min_heap_size,233},
                        {fullsweep_after,65535},
                        {minor_gcs,326}]},
   {suspending,[]}] 

=>[{registered_name,error_logger},
   {current_function,{gen_event,fetch_msg,5}},
   {initial_call,{proc_lib,init_p,5}},
   {status,waiting},
   {message_queue_len,0},
   {messages,[]},
   {links,[<0.0.0>,<0.25.0>]},
   {dictionary,[{'$ancestors',[<0.2.0>]},
                {'$initial_call',{gen_event,init_it,6}}]},
   {trap_exit,true},
   {error_handler,error_handler},
   {priority,normal},
   {group_leader,<0.25.0>},
   {total_heap_size,1597},
   {heap_size,610},
   {stack_size,8},
   {reductions,1311},
   {garbage_collection,[{min_bin_vheap_size,46422},
                        {min_heap_size,233},
                        {fullsweep_after,65535},
                        {minor_gcs,1}]},
   {suspending,[]}] 

=>[{registered_name,application_controller},
   {current_function,{gen_server,loop,6}},
   {initial_call,{erlang,apply,2}},
   {status,waiting},
   {message_queue_len,0},
   {messages,[]},
   {links,[<0.9.0>,<0.34.0>,<0.0.0>]},
   {dictionary,[{'$ancestors',[<0.2.0>]},
                {'$initial_call',{application_controller,start,1}}]},
   {trap_exit,true},
   {error_handler,error_handler},
   {priority,normal},
   {group_leader,<0.25.0>},
   {total_heap_size,7382},
   {heap_size,6772},
   {stack_size,7},
   {reductions,5221},
   {garbage_collection,[{min_bin_vheap_size,46422},
                        {min_heap_size,233},
                        {fullsweep_after,65535},
                        {minor_gcs,6}]},
   {suspending,[]}] 

=>[{current_function,{application_master,main_loop,2}},
   {initial_call,{proc_lib,init_p,5}},
   {status,waiting},
   {message_queue_len,0},
   {messages,[]},
   {links,[<0.7.0>,<0.10.0>]},
   {dictionary,[{'$ancestors',[<0.8.0>]},
                {'$initial_call',{application_master,init,4}}]},
   {trap_exit,true},
   {error_handler,error_handler},
   {priority,normal},
   {group_leader,<0.9.0>},
   {total_heap_size,752},
   {heap_size,376},
   {stack_size,6},
   {reductions,44},
   {garbage_collection,[{min_bin_vheap_size,46422},
                        {min_heap_size,233},
                        {fullsweep_after,65535},
                        {minor_gcs,1}]},
   {suspending,[]}] 

=>[{current_function,{application_master,loop_it,4}},
   {initial_call,{application_master,start_it,4}},
   {status,waiting},
   {message_queue_len,0},
   {messages,[]},
   {links,[<0.9.0>,<0.11.0>]},
   {dictionary,[]},
   {trap_exit,true},
   {error_handler,error_handler},
   {priority,normal},
   {group_leader,<0.9.0>},
   {total_heap_size,233},
   {heap_size,233},
   {stack_size,5},
   {reductions,69},
   {garbage_collection,[{min_bin_vheap_size,46422},
                        {min_heap_size,233},
                        {fullsweep_after,65535},
                        {minor_gcs,0}]},
   {suspending,[]}] 

=>[{registered_name,kernel_sup},
   {current_function,{gen_server,loop,6}},
   {initial_call,{proc_lib,init_p,5}},
   {status,waiting},
   {message_queue_len,0},
   {messages,[]},
   {links,[<0.16.0>,<0.21.0>,<0.28.0>,<0.29.0>,<0.23.0>,<0.19.0>,<0.20.0>,
           <0.18.0>,<0.12.0>,<0.13.0>,<0.10.0>]},
   {dictionary,[{'$ancestors',[<0.10.0>]},
                {'$initial_call',{supervisor,kernel,1}}]},
   {trap_exit,true},
   {error_handler,error_handler},
   {priority,normal},
   {group_leader,<0.9.0>},
   {total_heap_size,376},
   {heap_size,376},
   {stack_size,9},
   {reductions,1656},
   {garbage_collection,[{min_bin_vheap_size,46422},
                        {min_heap_size,233},
                        {fullsweep_after,65535},
                        {minor_gcs,0}]},
   {suspending,[]}] 

=>[{registered_name,rex},
   {current_function,{gen_server,loop,6}},
   {initial_call,{proc_lib,init_p,5}},
   {status,waiting},
   {message_queue_len,0},
   {messages,[]},
   {links,[<0.11.0>]},
   {dictionary,[{'$ancestors',[kernel_sup,<0.10.0>]},
                {'$initial_call',{rpc,init,1}}]},
   {trap_exit,true},
   {error_handler,error_handler},
   {priority,normal},
   {group_leader,<0.9.0>},
   {total_heap_size,233},
   {heap_size,233},
   {stack_size,9},
   {reductions,35},
   {garbage_collection,[{min_bin_vheap_size,46422},
                        {min_heap_size,233},
                        {fullsweep_after,65535},
                        {minor_gcs,0}]},
   {suspending,[]}] 

=>[{registered_name,global_name_server},
   {current_function,{gen_server,loop,6}},
   {initial_call,{proc_lib,init_p,5}},
   {status,waiting},
   {message_queue_len,0},
   {messages,[]},
   {links,[<0.14.0>,<0.15.0>,<0.11.0>]},
   {dictionary,[{'$ancestors',[kernel_sup,<0.10.0>]},
                {'$initial_call',{global,init,1}}]},
   {trap_exit,true},
   {error_handler,error_handler},
   {priority,normal},
   {group_leader,<0.9.0>},
   {total_heap_size,233},
   {heap_size,233},
   {stack_size,9},
   {reductions,52},
   {garbage_collection,[{min_bin_vheap_size,46422},
                        {min_heap_size,233},
                        {fullsweep_after,65535},
                        {minor_gcs,0}]},
   {suspending,[]}] 

=>[{current_function,{global,loop_the_locker,1}},
   {initial_call,{erlang,apply,2}},
   {status,waiting},
   {message_queue_len,0},
   {messages,[]},
   {links,[<0.13.0>]},
   {dictionary,[]},
   {trap_exit,true},
   {error_handler,error_handler},
   {priority,normal},
   {group_leader,<0.9.0>},
   {total_heap_size,233},
   {heap_size,233},
   {stack_size,5},
   {reductions,19},
   {garbage_collection,[{min_bin_vheap_size,46422},
                        {min_heap_size,233},
                        {fullsweep_after,65535},
                        {minor_gcs,0}]},
   {suspending,[]}] 

=>[{current_function,{global,loop_the_registrar,0}},
   {initial_call,{erlang,apply,2}},
   {status,waiting},
   {message_queue_len,0},
   {messages,[]},
   {links,[<0.13.0>]},
   {dictionary,[]},
   {trap_exit,false},
   {error_handler,error_handler},
   {priority,normal},
   {group_leader,<0.9.0>},
   {total_heap_size,233},
   {heap_size,233},
   {stack_size,2},
   {reductions,3},
   {garbage_collection,[{min_bin_vheap_size,46422},
                        {min_heap_size,233},
                        {fullsweep_after,65535},
                        {minor_gcs,0}]},
   {suspending,[]}] 

=>[{registered_name,inet_db},
   {current_function,{gen_server,loop,6}},
   {initial_call,{proc_lib,init_p,5}},
   {status,waiting},
   {message_queue_len,0},
   {messages,[]},
   {links,[<0.11.0>]},
   {dictionary,[{'$ancestors',[kernel_sup,<0.10.0>]},
                {'$initial_call',{inet_db,init,1}}]},
   {trap_exit,true},
   {error_handler,error_handler},
   {priority,normal},
   {group_leader,<0.9.0>},
   {total_heap_size,233},
   {heap_size,233},
   {stack_size,9},
   {reductions,213},
   {garbage_collection,[{min_bin_vheap_size,46422},
                        {min_heap_size,233},
                        {fullsweep_after,65535},
                        {minor_gcs,0}]},
   {suspending,[]}] 

=>[{registered_name,global_group},
   {current_function,{gen_server,loop,6}},
   {initial_call,{proc_lib,init_p,5}},
   {status,waiting},
   {message_queue_len,0},
   {messages,[]},
   {links,[<0.11.0>]},
   {dictionary,[{whereis_name,[undefined]},
                {send,[undefined]},
                {'$ancestors',[kernel_sup,<0.10.0>]},
                {registered_names,[undefined]},
                {'$initial_call',{global_group,init,1}}]},
   {trap_exit,true},
   {error_handler,error_handler},
   {priority,max},
   {group_leader,<0.9.0>},
   {total_heap_size,233},
   {heap_size,233},
   {stack_size,9},
   {reductions,59},
   {garbage_collection,[{min_bin_vheap_size,46422},
                        {min_heap_size,233},
                        {fullsweep_after,65535},
                        {minor_gcs,0}]},
   {suspending,[]}] 

=>[{registered_name,file_server_2},
   {current_function,{gen_server,loop,6}},
   {initial_call,{proc_lib,init_p,5}},
   {status,waiting},
   {message_queue_len,0},
   {messages,[]},
   {links,[<0.11.0>,#Port<0.173>]},
   {dictionary,[{'$ancestors',[kernel_sup,<0.10.0>]},
                {'$initial_call',{file_server,init,1}}]},
   {trap_exit,true},
   {error_handler,error_handler},
   {priority,normal},
   {group_leader,<0.9.0>},
   {total_heap_size,3196},
   {heap_size,1598},
   {stack_size,9},
   {reductions,2269753},
   {garbage_collection,[{min_bin_vheap_size,46422},
                        {min_heap_size,233},
                        {fullsweep_after,65535},
                        {minor_gcs,628}]},
   {suspending,[]}] 

=>[{registered_name,code_server},
   {current_function,{code_server,loop,1}},
   {initial_call,{erlang,apply,2}},
   {status,waiting},
   {message_queue_len,0},
   {messages,[]},
   {links,[<0.11.0>]},
   {dictionary,[{any_native_code_loaded,false}]},
   {trap_exit,true},
   {error_handler,error_handler},
   {priority,normal},
   {group_leader,<0.9.0>},
   {total_heap_size,21916},
   {heap_size,4185},
   {stack_size,3},
   {reductions,141201},
   {garbage_collection,[{min_bin_vheap_size,46422},
                        {min_heap_size,233},
                        {fullsweep_after,65535},
                        {minor_gcs,135}]},
   {suspending,[]}] 

=>[{registered_name,standard_error_sup},
   {current_function,{gen_server,loop,6}},
   {initial_call,{proc_lib,init_p,5}},
   {status,waiting},
   {message_queue_len,0},
   {messages,[]},
   {links,[<0.11.0>,<0.22.0>]},
   {dictionary,[{'$ancestors',[kernel_sup,<0.10.0>]},
                {'$initial_call',{supervisor_bridge,standard_error,1}}]},
   {trap_exit,true},
   {error_handler,error_handler},
   {priority,normal},
   {group_leader,<0.9.0>},
   {total_heap_size,233},
   {heap_size,233},
   {stack_size,9},
   {reductions,41},
   {garbage_collection,[{min_bin_vheap_size,46422},
                        {min_heap_size,233},
                        {fullsweep_after,65535},
                        {minor_gcs,0}]},
   {suspending,[]}] 

=>[{registered_name,standard_error},
   {current_function,{standard_error,server_loop,1}},
   {initial_call,{erlang,apply,2}},
   {status,waiting},
   {message_queue_len,0},
   {messages,[]},
   {links,[<0.21.0>,#Port<0.461>]},
   {dictionary,[{unicode,false}]},
   {trap_exit,true},
   {error_handler,error_handler},
   {priority,normal},
   {group_leader,<0.9.0>},
   {total_heap_size,233},
   {heap_size,233},
   {stack_size,2},
   {reductions,9},
   {garbage_collection,[{min_bin_vheap_size,46422},
                        {min_heap_size,233},
                        {fullsweep_after,65535},
                        {minor_gcs,0}]},
   {suspending,[]}] 

=>[{current_function,{gen_server,loop,6}},
   {initial_call,{proc_lib,init_p,5}},
   {status,waiting},
   {message_queue_len,0},
   {messages,[]},
   {links,[<0.11.0>,<0.25.0>]},
   {dictionary,[{'$ancestors',[kernel_sup,<0.10.0>]},
                {'$initial_call',{supervisor_bridge,user_sup,1}}]},
   {trap_exit,true},
   {error_handler,error_handler},
   {priority,normal},
   {group_leader,<0.9.0>},
   {total_heap_size,233},
   {heap_size,233},
   {stack_size,9},
   {reductions,62},
   {garbage_collection,[{min_bin_vheap_size,46422},
                        {min_heap_size,233},
                        {fullsweep_after,65535},
                        {minor_gcs,0}]},
   {suspending,[]}] 

=>[{registered_name,user_drv},
   {current_function,{user_drv,server_loop,5}},
   {initial_call,{user_drv,server,2}},
   {status,waiting},
   {message_queue_len,0},
   {messages,[]},
   {links,[<0.25.0>,<0.26.0>,#Port<0.478>]},
   {dictionary,[{current_group,<0.26.0>},{eof,false}]},
   {trap_exit,true},
   {error_handler,error_handler},
   {priority,normal},
   {group_leader,<0.9.0>},
   {total_heap_size,3573},
   {heap_size,2586},
   {stack_size,8},
   {reductions,4818},
   {garbage_collection,[{min_bin_vheap_size,46422},
                        {min_heap_size,233},
                        {fullsweep_after,65535},
                        {minor_gcs,6}]},
   {suspending,[]}] 

=>[{registered_name,user},
   {current_function,{group,server_loop,3}},
   {initial_call,{group,server,3}},
   {status,waiting},
   {message_queue_len,0},
   {messages,[]},
   {links,[<0.23.0>,<0.24.0>,<0.6.0>]},
   {dictionary,[{read_mode,list},
                {kill_buffer,[]},
                {line_buffer,[]},
                {expand_fun,#Fun<group.0.100149429>},
                {echo,true},
                {user_drv,<0.24.0>}]},
   {trap_exit,true},
   {error_handler,error_handler},
   {priority,normal},
   {group_leader,<0.9.0>},
   {total_heap_size,1220},
   {heap_size,987},
   {stack_size,4},
   {reductions,858},
   {garbage_collection,[{min_bin_vheap_size,46422},
                        {min_heap_size,233},
                        {fullsweep_after,65535},
                        {minor_gcs,5}]},
   {suspending,[]}] 

=>[{current_function,{group,server_loop,3}},
   {initial_call,{group,server,3}},
   {status,waiting},
   {message_queue_len,0},
   {messages,[]},
   {links,[<0.24.0>,<0.27.0>]},
   {dictionary,[{read_mode,list},
                {kill_buffer,[]},
                {shell,<0.27.0>},
                {expand_fun,#Fun<group.0.100149429>},
                {line_buffer,["utils:process_infos().\n",
                              "length(processes()).\n","length(v(1)).\n",
                              "utils:process_infos().\n"]},
                {echo,true},
                {user_drv,<0.24.0>}]},
   {trap_exit,true},
   {error_handler,error_handler},
   {priority,normal},
   {group_leader,<0.9.0>},
   {total_heap_size,987},
   {heap_size,987},
   {stack_size,4},
   {reductions,7014},
   {garbage_collection,[{min_bin_vheap_size,46422},
                        {min_heap_size,233},
                        {fullsweep_after,65535},
                        {minor_gcs,0}]},
   {suspending,[]}] 

=>[{current_function,{shell,shell_rep,4}},
   {initial_call,{erlang,apply,2}},
   {status,waiting},
   {message_queue_len,0},
   {messages,[]},
   {links,[<0.39.0>,<0.26.0>]},
   {dictionary,[{{result,3},32},
                {{command,2},
                 [{call,1,
                        {atom,1,length},
                        [{value,1,
                                [ok,ok,ok,ok,ok,ok,ok,ok,ok,ok,ok,ok,ok,ok,ok,
                                 ok,ok,ok,ok,ok,ok,ok,ok,ok,ok,ok,ok,ok,ok,ok,
                                 ok,ok]}]}]},
                {{command,3},
                 [{call,1,{atom,1,length},[{call,1,{atom,1,processes},[]}]}]},
                {{result,1},
                 [ok,ok,ok,ok,ok,ok,ok,ok,ok,ok,ok,ok,ok,ok,ok,ok,ok,ok,ok,ok,
                  ok,ok,ok,ok,ok,ok,ok,ok,ok,ok,ok,ok]},
                {{command,1},
                 [{call,3,
                        {remote,3,{atom,3,utils},{atom,3,process_infos}},
                        []}]},
                {evaluator,<0.39.0>},
                {{result,2},32}]},
   {trap_exit,true},
   {error_handler,error_handler},
   {priority,normal},
   {group_leader,<0.26.0>},
   {total_heap_size,28689},
   {heap_size,17731},
   {stack_size,17},
   {reductions,4209},
   {garbage_collection,[{min_bin_vheap_size,46422},
                        {min_heap_size,233},
                        {fullsweep_after,65535},
                        {minor_gcs,2}]},
   {suspending,[]}] 

=>[{current_function,{gen_server,loop,6}},
   {initial_call,{proc_lib,init_p,5}},
   {status,waiting},
   {message_queue_len,0},
   {messages,[]},
   {links,[<0.11.0>]},
   {dictionary,[{'$ancestors',[kernel_sup,<0.10.0>]},
                {'$initial_call',{kernel_config,init,1}}]},
   {trap_exit,true},
   {error_handler,error_handler},
   {priority,normal},
   {group_leader,<0.9.0>},
   {total_heap_size,233},
   {heap_size,233},
   {stack_size,9},
   {reductions,286},
   {garbage_collection,[{min_bin_vheap_size,46422},
                        {min_heap_size,233},
                        {fullsweep_after,65535},
                        {minor_gcs,0}]},
   {suspending,[]}] 

=>[{registered_name,kernel_safe_sup},
   {current_function,{gen_server,loop,6}},
   {initial_call,{proc_lib,init_p,5}},
   {status,waiting},
   {message_queue_len,0},
   {messages,[]},
   {links,[<0.11.0>,<0.43.0>]},
   {dictionary,[{'$ancestors',[kernel_sup,<0.10.0>]},
                {'$initial_call',{supervisor,kernel,1}}]},
   {trap_exit,true},
   {error_handler,error_handler},
   {priority,normal},
   {group_leader,<0.9.0>},
   {total_heap_size,233},
   {heap_size,233},
   {stack_size,9},
   {reductions,125},
   {garbage_collection,[{min_bin_vheap_size,46422},
                        {min_heap_size,233},
                        {fullsweep_after,65535},
                        {minor_gcs,0}]},
   {suspending,[]}] 

=>[{current_function,{application_master,main_loop,2}},
   {initial_call,{proc_lib,init_p,5}},
   {status,waiting},
   {message_queue_len,0},
   {messages,[]},
   {links,[<0.7.0>,<0.35.0>]},
   {dictionary,[{'$ancestors',[<0.33.0>]},
                {'$initial_call',{application_master,init,4}}]},
   {trap_exit,true},
   {error_handler,error_handler},
   {priority,normal},
   {group_leader,<0.34.0>},
   {total_heap_size,376},
   {heap_size,376},
   {stack_size,6},
   {reductions,38},
   {garbage_collection,[{min_bin_vheap_size,46422},
                        {min_heap_size,233},
                        {fullsweep_after,65535},
                        {minor_gcs,0}]},
   {suspending,[]}] 

=>[{current_function,{application_master,loop_it,4}},
   {initial_call,{application_master,start_it,4}},
   {status,waiting},
   {message_queue_len,0},
   {messages,[]},
   {links,[<0.34.0>,<0.36.0>]},
   {dictionary,[]},
   {trap_exit,true},
   {error_handler,error_handler},
   {priority,normal},
   {group_leader,<0.34.0>},
   {total_heap_size,233},
   {heap_size,233},
   {stack_size,5},
   {reductions,54},
   {garbage_collection,[{min_bin_vheap_size,46422},
                        {min_heap_size,233},
                        {fullsweep_after,65535},
                        {minor_gcs,0}]},
   {suspending,[]}] 

=>[{registered_name,sync},
   {current_function,{gen_server,loop,6}},
   {initial_call,{proc_lib,init_p,5}},
   {status,waiting},
   {message_queue_len,0},
   {messages,[]},
   {links,[<0.37.0>,<0.38.0>,<0.35.0>]},
   {dictionary,[{'$ancestors',[<0.35.0>]},
                {'$initial_call',{supervisor,sync,1}}]},
   {trap_exit,true},
   {error_handler,error_handler},
   {priority,normal},
   {group_leader,<0.34.0>},
   {total_heap_size,609},
   {heap_size,233},
   {stack_size,9},
   {reductions,164},
   {garbage_collection,[{min_bin_vheap_size,46422},
                        {min_heap_size,233},
                        {fullsweep_after,65535},
                        {minor_gcs,1}]},
   {suspending,[]}] 

=>[{registered_name,sync_options},
   {current_function,{gen_server,loop,6}},
   {initial_call,{proc_lib,init_p,5}},
   {status,waiting},
   {message_queue_len,0},
   {messages,[]},
   {links,[<0.36.0>]},
   {dictionary,[{'$ancestors',[sync,<0.35.0>]},
                {'$initial_call',{sync_options,init,1}}]},
   {trap_exit,false},
   {error_handler,error_handler},
   {priority,normal},
   {group_leader,<0.34.0>},
   {total_heap_size,3573},
   {heap_size,2586},
   {stack_size,9},
   {reductions,2211},
   {garbage_collection,[{min_bin_vheap_size,46422},
                        {min_heap_size,233},
                        {fullsweep_after,65535},
                        {minor_gcs,15}]},
   {suspending,[]}] 

=>[{registered_name,sync_scanner},
   {current_function,{gen_server,loop,6}},
   {initial_call,{proc_lib,init_p,5}},
   {status,waiting},
   {message_queue_len,0},
   {messages,[]},
   {links,[<0.36.0>]},
   {dictionary,[{'$ancestors',[sync,<0.35.0>]},
                {'$initial_call',{sync_scanner,init,1}}]},
   {trap_exit,true},
   {error_handler,error_handler},
   {priority,normal},
   {group_leader,<0.34.0>},
   {total_heap_size,24503},
   {heap_size,6772},
   {stack_size,9},
   {reductions,1380619},
   {garbage_collection,[{min_bin_vheap_size,46422},
                        {min_heap_size,233},
                        {fullsweep_after,65535},
                        {minor_gcs,29}]},
   {suspending,[]}] 

=>[{current_function,{utils,'-process_infos/0-lc$^0/1-0-',2}},
   {initial_call,{erlang,apply,2}},
   {status,running},
   {message_queue_len,0},
   {messages,[]},
   {links,[#Port<0.2818>,<0.27.0>,#Port<0.835>]},
   {dictionary,[]},
   {trap_exit,false},
   {error_handler,error_handler},
   {priority,normal},
   {group_leader,<0.26.0>},
   {total_heap_size,13544},
   {heap_size,6772},
   {stack_size,29},
   {reductions,191439},
   {garbage_collection,[{min_bin_vheap_size,46422},
                        {min_heap_size,233},
                        {fullsweep_after,65535},
                        {minor_gcs,33}]},
   {suspending,[]}] 

=>[{registered_name,os_cmd_port_creator},
   {current_function,{os,start_port_srv_loop,0}},
   {initial_call,{erlang,apply,2}},
   {status,waiting},
   {message_queue_len,0},
   {messages,[]},
   {links,[]},
   {dictionary,[]},
   {trap_exit,true},
   {error_handler,error_handler},
   {priority,normal},
   {group_leader,<0.9.0>},
   {total_heap_size,752},
   {heap_size,376},
   {stack_size,1},
   {reductions,219},
   {garbage_collection,[{min_bin_vheap_size,46422},
                        {min_heap_size,233},
                        {fullsweep_after,65535},
                        {minor_gcs,1}]},
   {suspending,[]}] 

=>[{registered_name,timer_server},
   {current_function,{gen_server,loop,6}},
   {initial_call,{proc_lib,init_p,5}},
   {status,waiting},
   {message_queue_len,0},
   {messages,[]},
   {links,[<0.29.0>]},
   {dictionary,[{'$ancestors',[kernel_safe_sup,kernel_sup,<0.10.0>]},
                {'$initial_call',{timer,init,1}}]},
   {trap_exit,true},
   {error_handler,error_handler},
   {priority,normal},
   {group_leader,<0.9.0>},
   {total_heap_size,752},
   {heap_size,376},
   {stack_size,9},
   {reductions,25876},
   {garbage_collection,[{min_bin_vheap_size,46422},
                        {min_heap_size,233},
                        {fullsweep_after,65535},
                        {minor_gcs,77}]},
   {suspending,[]}] 

